{"logTime": "0718/100902", "correlationVector":"+nGTgEYI/vsw8Kh/vaSW60.1","action":"SyncServerConnectionManagerRequest", "result":"SYNC_SERVER_OK", "context":{"environment":"Prod_NorthEurope_000h", "migrationStage":"NotStarted", "server":"GENERAL0100001T"}}
{"logTime": "0718/100902", "correlationVector":"mQ2ApVvWZPoJNrZQMTzDhK","action":"SyncServerConnectionManagerRequest", "result":"SYNC_SERVER_OK", "context":{"environment":"", "migrationStage":"", "server":""}}
{"logTime": "0718/100902", "correlationVector":"+nGTgEYI/vsw8Kh/vaSW60","action":"Initial GetUpdates", "result":"", "context":Reason: NEW_CLIENT. cV=+nGTgEYI/vsw8Kh/vaSW60}
{"logTime": "0718/100902", "correlationVector":"+nGTgEYI/vsw8Kh/vaSW60.2","action":"GetUpdates Response", "result":"Success", "context":Received 1 update(s). cV=+nGTgEYI/vsw8Kh/vaSW60.0;server=GENERAL0100001T;cloudType=Consumer;environment=Prod_NorthEurope_000h;migrationStage=NotStarted}
{"logTime": "0718/100902", "correlationVector":"2sPmyVDkplUXD0HsrDMdMY","action":"Initial GetUpdates", "result":"", "context":Reason: NEWLY_SUPPORTED_DATATYPE. cV=2sPmyVDkplUXD0HsrDMdMY}
{"logTime": "0718/100902", "correlationVector":"2sPmyVDkplUXD0HsrDMdMY.1","action":"SyncServerConnectionManagerRequest", "result":"SYNC_SERVER_OK", "context":{"environment":"Prod_NorthEurope_000h", "migrationStage":"NotStarted", "server":"GENERAL01000012"}}
{"logTime": "0718/100902", "correlationVector":"2sPmyVDkplUXD0HsrDMdMY.2","action":"GetUpdates Response", "result":"Success", "context":Received 1 update(s). cV=2sPmyVDkplUXD0HsrDMdMY.0;server=GENERAL01000012;cloudType=Consumer;environment=Prod_NorthEurope_000h;migrationStage=NotStarted}
{"logTime": "0718/100902", "correlationVector":"IIyyIS67G7ZKfOKAJzSzac","action":"Normal GetUpdate request", "result":"", "context":cV=IIyyIS67G7ZKfOKAJzSzac
Nudged types: Device Info, User Consents
Refresh requested types: Device Info, User Consents, Send Tab To Self, Encryption Keys}
{"logTime": "0718/100902", "correlationVector":"IIyyIS67G7ZKfOKAJzSzac.1","action":"SyncServerConnectionManagerRequest", "result":"SYNC_SERVER_OK", "context":{"environment":"Prod_NorthEurope_000h", "migrationStage":"NotStarted", "server":"general0100000V"}}
{"logTime": "0718/100902", "correlationVector":"IIyyIS67G7ZKfOKAJzSzac.2","action":"GetUpdates Response", "result":"Success", "context":Received 0 update(s). cV=IIyyIS67G7ZKfOKAJzSzac.0;server=general0100000V;cloudType=Consumer;environment=Prod_NorthEurope_000h;migrationStage=NotStarted}
{"logTime": "0718/100902", "correlationVector":"x53yAqqu835MZvkiZPVDHD","action":"DoCompareDataConsistency requsted types: ", "result":"Send Tab To Self, Encryption Keys"}
{"logTime": "0718/100902", "correlationVector":"x53yAqqu835MZvkiZPVDHD.0","action":"CompareDataConsistency result: ", "result":"Compare result: Encryption Keys is consistent. local entities count is: 1 local entities hash is: BCkW3bwgNT+6NqgYOX23sWl3ESk="}
{"logTime": "0718/100902", "correlationVector":"x53yAqqu835MZvkiZPVDHD.1","action":"CompareDataConsistency result: ", "result":"Server did not send this Send Tab To Self local entities count is: 0 local entities hash is: "}
{"logTime": "0718/100902", "correlationVector":"u6fTYHRmTN/inpqZ2UgX+t","action":"Commit Request", "result":"", "context":Item count: 2
Contributing types: Device Info, User Consents}
{"logTime": "0718/100902", "correlationVector":"u6fTYHRmTN/inpqZ2UgX+t.1","action":"SyncServerConnectionManagerRequest", "result":"SYNC_SERVER_OK", "context":{"environment":"Prod_NorthEurope_000h", "migrationStage":"NotStarted", "server":"GENERAL0100002G"}}
{"logTime": "0718/100902", "correlationVector":"u6fTYHRmTN/inpqZ2UgX+t.2","action":"Commit Response", "result":"Success", "context":Result: Success. cV=u6fTYHRmTN/inpqZ2UgX+t.0;server=GENERAL0100002G;cloudType=Consumer;environment=Prod_NorthEurope_000h;migrationStage=NotStarted}
{"logTime": "0718/100902", "correlationVector":"","action":"DIAGNOSTIC_REQUEST|v1/diagnosticData/Diagnostic.SendCheckResult()|SUCCESS", "result":""}
{"logTime": "0718/100902", "correlationVector":"","action":"SyncDiagnosticRequest::ProcessDiagnosticResponse", "result":"DIAGNOSTIC_REQUEST|v1/diagnosticData/Diagnostic.SendCheckResult()|SUCCESS"}
{"logTime": "0718/100902", "correlationVector":"DaSuB1LIb7HMJ4CrwK22wl","action":"Normal GetUpdate request", "result":"", "context":cV=DaSuB1LIb7HMJ4CrwK22wl
Nudged types: Device Info}
{"logTime": "0718/100902", "correlationVector":"DaSuB1LIb7HMJ4CrwK22wl.1","action":"SyncServerConnectionManagerRequest", "result":"SYNC_SERVER_OK", "context":{"environment":"Prod_NorthEurope_000h", "migrationStage":"NotStarted", "server":"GENERAL0100002O"}}
{"logTime": "0718/100902", "correlationVector":"DaSuB1LIb7HMJ4CrwK22wl.2","action":"GetUpdates Response", "result":"Success", "context":Received 1 update(s). cV=DaSuB1LIb7HMJ4CrwK22wl.0;server=GENERAL0100002O;cloudType=Consumer;environment=Prod_NorthEurope_000h;migrationStage=NotStarted}
{"logTime": "0718/101338", "correlationVector":"UpcmZ7CW9rKVn6gwXTWjv9","action":"Normal GetUpdate request", "result":"", "context":cV=UpcmZ7CW9rKVn6gwXTWjv9
Refresh requested types: Device Info, User Consents, Send Tab To Self, Encryption Keys}
{"logTime": "0718/101340", "correlationVector":"UpcmZ7CW9rKVn6gwXTWjv9.1","action":"SyncServerConnectionManagerRequest", "result":"SYNC_SERVER_OK", "context":{"environment":"Prod_NorthEurope_000h", "migrationStage":"NotStarted", "server":"GENERAL0100001E"}}
{"logTime": "0718/101340", "correlationVector":"UpcmZ7CW9rKVn6gwXTWjv9.2","action":"GetUpdates Response", "result":"Success", "context":Received 0 update(s). cV=UpcmZ7CW9rKVn6gwXTWjv9.0;server=GENERAL0100001E;cloudType=Consumer;environment=Prod_NorthEurope_000h;migrationStage=NotStarted}
{"logTime": "0718/104409", "correlationVector":"KFxyNhZTn39MIuGRrsosc0.1","action":"SyncServerConnectionManagerRequest", "result":"SYNC_SERVER_OK", "context":{"environment":"Prod_WestEurope_x00e", "migrationStage":"NotStarted", "server":"GENERAL0100002P"}}
{"logTime": "0718/104409", "correlationVector":"YzCtTykam+b/GDWoXNoYeJ","action":"SyncServerConnectionManagerRequest", "result":"SYNC_SERVER_OK", "context":{"environment":"", "migrationStage":"", "server":""}}
{"logTime": "0718/104409", "correlationVector":"KFxyNhZTn39MIuGRrsosc0","action":"Initial GetUpdates", "result":"", "context":Reason: NEW_CLIENT. cV=KFxyNhZTn39MIuGRrsosc0}
{"logTime": "0718/104409", "correlationVector":"KFxyNhZTn39MIuGRrsosc0.2","action":"GetUpdates Response", "result":"Success", "context":Received 1 update(s). cV=KFxyNhZTn39MIuGRrsosc0.0;server=GENERAL0100002P;cloudType=Consumer;environment=Prod_WestEurope_x00e;migrationStage=NotStarted}
{"logTime": "0718/104409", "correlationVector":"45YLq5VvfQj/82BxnZVRnq","action":"Initial GetUpdates", "result":"", "context":Reason: NEWLY_SUPPORTED_DATATYPE. cV=45YLq5VvfQj/82BxnZVRnq}
{"logTime": "0718/104409", "correlationVector":"45YLq5VvfQj/82BxnZVRnq.1","action":"SyncServerConnectionManagerRequest", "result":"SYNC_SERVER_OK", "context":{"environment":"Prod_WestEurope_x00e", "migrationStage":"NotStarted", "server":"GENERAL01000013"}}
{"logTime": "0718/104409", "correlationVector":"45YLq5VvfQj/82BxnZVRnq.2","action":"GetUpdates", "result":"DeleteReceived", "context":{"id":"48c90b3f-6276-4c57-8d34-8a08b8be1d63", "isDeleted:":"true", "version":"1716198333648"}}
{"logTime": "0718/104409", "correlationVector":"45YLq5VvfQj/82BxnZVRnq.3","action":"GetUpdates Response", "result":"Success", "context":Received 39 update(s). cV=45YLq5VvfQj/82BxnZVRnq.0;server=GENERAL01000013;cloudType=Consumer;environment=Prod_WestEurope_x00e;migrationStage=NotStarted}
{"logTime": "0718/104409", "correlationVector":"miZhRTOGC46smKBsq84WNh","action":"Initial GetUpdates", "result":"", "context":Reason: NEWLY_SUPPORTED_DATATYPE. cV=miZhRTOGC46smKBsq84WNh}
{"logTime": "0718/104409", "correlationVector":"miZhRTOGC46smKBsq84WNh.1","action":"SyncServerConnectionManagerRequest", "result":"SYNC_SERVER_OK", "context":{"environment":"Prod_WestEurope_x00e", "migrationStage":"NotStarted", "server":"GENERAL0200000A"}}
{"logTime": "0718/104409", "correlationVector":"miZhRTOGC46smKBsq84WNh.2","action":"GetUpdates", "result":"DeleteReceived", "context":{"id":"0359d925-f2a5-42f9-9174-5a8a3e8409e9", "isDeleted:":"true", "version":"1714651104962"}}
{"logTime": "0718/104409", "correlationVector":"miZhRTOGC46smKBsq84WNh.3","action":"GetUpdates", "result":"DeleteReceived", "context":{"id":"b3f1f185-2e65-46b7-a43b-27c1dc0c7fe4", "isDeleted:":"true", "version":"1714651104963"}}
{"logTime": "0718/104409", "correlationVector":"miZhRTOGC46smKBsq84WNh.4","action":"GetUpdates", "result":"DeleteReceived", "context":{"id":"90cf2e6e-aaa8-4c64-8a19-b61656a7a166", "isDeleted:":"true", "version":"1714821752491"}}
{"logTime": "0718/104409", "correlationVector":"miZhRTOGC46smKBsq84WNh.5","action":"GetUpdates", "result":"DeleteReceived", "context":{"id":"744c7325-00f7-4ce8-81ae-0aa6919734e8", "isDeleted:":"true", "version":"1715341636423"}}
{"logTime": "0718/104409", "correlationVector":"miZhRTOGC46smKBsq84WNh.6","action":"GetUpdates", "result":"DeleteReceived", "context":{"id":"8ec7dafe-331f-4255-9741-c11e9a4912a9", "isDeleted:":"true", "version":"1715948895138"}}
{"logTime": "0718/104409", "correlationVector":"miZhRTOGC46smKBsq84WNh.7","action":"GetUpdates", "result":"DeleteReceived", "context":{"id":"084f33cb-eb6f-4d67-9af8-df7f82b4ee37", "isDeleted:":"true", "version":"1715949422606"}}
{"logTime": "0718/104409", "correlationVector":"miZhRTOGC46smKBsq84WNh.8","action":"GetUpdates", "result":"DeleteReceived", "context":{"id":"2971fee6-2416-432f-ad05-28fda9df43c4", "isDeleted:":"true", "version":"1715949422611"}}
{"logTime": "0718/104409", "correlationVector":"miZhRTOGC46smKBsq84WNh.9","action":"GetUpdates", "result":"DeleteReceived", "context":{"id":"aa37c059-3210-4159-b0db-0a6fe4ba2dfc", "isDeleted:":"true", "version":"1715949422612"}}
{"logTime": "0718/104409", "correlationVector":"miZhRTOGC46smKBsq84WNh.10","action":"GetUpdates", "result":"DeleteReceived", "context":{"id":"c8a674c0-5a6e-44a8-8bbe-a30d3c6f9ddf", "isDeleted:":"true", "version":"1715949424081"}}
{"logTime": "0718/104409", "correlationVector":"miZhRTOGC46smKBsq84WNh.11","action":"GetUpdates", "result":"DeleteReceived", "context":{"id":"5b27fff7-e38b-41a3-9b6d-7e3890be35c8", "isDeleted:":"true", "version":"1715950257008"}}
{"logTime": "0718/104409", "correlationVector":"miZhRTOGC46smKBsq84WNh.12","action":"GetUpdates", "result":"DeleteReceived", "context":{"id":"bb611dcc-b8ce-4aec-b40c-6e11e848d08d", "isDeleted:":"true", "version":"1716234303436"}}
{"logTime": "0718/104409", "correlationVector":"miZhRTOGC46smKBsq84WNh.13","action":"GetUpdates", "result":"DeleteReceived", "context":{"id":"153f904e-7fec-4796-9b02-59134976cf37", "isDeleted:":"true", "version":"1716234303437"}}
{"logTime": "0718/104409", "correlationVector":"miZhRTOGC46smKBsq84WNh.14","action":"GetUpdates", "result":"DeleteReceived", "context":{"id":"60af1655-af26-465e-a0b4-08c467f44d9d", "isDeleted:":"true", "version":"1716234303438"}}
{"logTime": "0718/104409", "correlationVector":"miZhRTOGC46smKBsq84WNh.15","action":"GetUpdates", "result":"DeleteReceived", "context":{"id":"eccb1373-33d3-4cd8-822c-350f3d3a8664", "isDeleted:":"true", "version":"1716234303440"}}
{"logTime": "0718/104409", "correlationVector":"miZhRTOGC46smKBsq84WNh.16","action":"GetUpdates", "result":"DeleteReceived", "context":{"id":"ece96563-d83e-4ad4-ab30-eeec95eedbe8", "isDeleted:":"true", "version":"1716443545787"}}
{"logTime": "0718/104409", "correlationVector":"miZhRTOGC46smKBsq84WNh.17","action":"GetUpdates", "result":"DeleteReceived", "context":{"id":"f3a2f1e5-5287-4466-9ac9-18f6061f7011", "isDeleted:":"true", "version":"1716443546510"}}
{"logTime": "0718/104409", "correlationVector":"miZhRTOGC46smKBsq84WNh.18","action":"GetUpdates", "result":"DeleteReceived", "context":{"id":"80163c98-05a1-450e-89ac-4ff02446d330", "isDeleted:":"true", "version":"1716443546511"}}
{"logTime": "0718/104409", "correlationVector":"miZhRTOGC46smKBsq84WNh.19","action":"GetUpdates", "result":"DeleteReceived", "context":{"id":"70334021-4818-4918-a5f5-ff8fef16e057", "isDeleted:":"true", "version":"1716443546512"}}
{"logTime": "0718/104409", "correlationVector":"miZhRTOGC46smKBsq84WNh.20","action":"GetUpdates", "result":"DeleteReceived", "context":{"id":"0d8c6bdb-c0ac-4bc7-922f-a8e701d5177c", "isDeleted:":"true", "version":"1716666173903"}}
{"logTime": "0718/104409", "correlationVector":"miZhRTOGC46smKBsq84WNh.21","action":"GetUpdates", "result":"DeleteReceived", "context":{"id":"8165f2d4-2228-4f2f-84da-0896d40184db", "isDeleted:":"true", "version":"1716666173904"}}
{"logTime": "0718/104409", "correlationVector":"miZhRTOGC46smKBsq84WNh.22","action":"GetUpdates", "result":"DeleteReceived", "context":{"id":"d77d3372-8e79-4d10-91a8-e29aeaed1442", "isDeleted:":"true", "version":"1716666173905"}}
{"logTime": "0718/104409", "correlationVector":"miZhRTOGC46smKBsq84WNh.23","action":"GetUpdates", "result":"DeleteReceived", "context":{"id":"aa9942bf-70a3-4fd5-b97a-5d4302fa57ad", "isDeleted:":"true", "version":"1716800590761"}}
{"logTime": "0718/104409", "correlationVector":"miZhRTOGC46smKBsq84WNh.24","action":"GetUpdates", "result":"DeleteReceived", "context":{"id":"96bdde4e-b737-48e1-a5d2-d8cf70aeccc3", "isDeleted:":"true", "version":"1716800590762"}}
{"logTime": "0718/104409", "correlationVector":"miZhRTOGC46smKBsq84WNh.25","action":"GetUpdates", "result":"DeleteReceived", "context":{"id":"61447b17-f22a-4e58-82e9-37b2cbf1f2be", "isDeleted:":"true", "version":"1716803766290"}}
{"logTime": "0718/104409", "correlationVector":"miZhRTOGC46smKBsq84WNh.26","action":"GetUpdates", "result":"DeleteReceived", "context":{"id":"d2d6f1f6-ec9e-45eb-8ad7-10f487dbc501", "isDeleted:":"true", "version":"1716895565302"}}
{"logTime": "0718/104409", "correlationVector":"miZhRTOGC46smKBsq84WNh.27","action":"GetUpdates", "result":"DeleteReceived", "context":{"id":"35adfa6e-c988-4b57-9175-004a08213614", "isDeleted:":"true", "version":"1716895565303"}}
{"logTime": "0718/104409", "correlationVector":"miZhRTOGC46smKBsq84WNh.28","action":"GetUpdates", "result":"DeleteReceived", "context":{"id":"8167b662-9955-4c60-af0f-9d5083398f4c", "isDeleted:":"true", "version":"1716896391878"}}
{"logTime": "0718/104409", "correlationVector":"miZhRTOGC46smKBsq84WNh.29","action":"GetUpdates", "result":"DeleteReceived", "context":{"id":"38d961f1-6bb4-4acc-9db6-2da64fa7f958", "isDeleted:":"true", "version":"1716925040681"}}
{"logTime": "0718/104409", "correlationVector":"miZhRTOGC46smKBsq84WNh.30","action":"GetUpdates", "result":"DeleteReceived", "context":{"id":"73fcaae6-afdf-4c20-99bd-6eabaacf91d4", "isDeleted:":"true", "version":"1716966990792"}}
{"logTime": "0718/104409", "correlationVector":"miZhRTOGC46smKBsq84WNh.31","action":"GetUpdates", "result":"DeleteReceived", "context":{"id":"f1f09514-4e07-4e33-af78-4fb10e0786fc", "isDeleted:":"true", "version":"1716966990795"}}
{"logTime": "0718/104409", "correlationVector":"miZhRTOGC46smKBsq84WNh.32","action":"GetUpdates", "result":"DeleteReceived", "context":{"id":"bb3c2281-cfe2-4a4c-bf3b-0750af48acde", "isDeleted:":"true", "version":"1718131127450"}}
{"logTime": "0718/104409", "correlationVector":"miZhRTOGC46smKBsq84WNh.33","action":"GetUpdates", "result":"DeleteReceived", "context":{"id":"3452f80b-bd50-44e9-a940-b6e803ebc4ea", "isDeleted:":"true", "version":"1718131127451"}}
{"logTime": "0718/104409", "correlationVector":"miZhRTOGC46smKBsq84WNh.34","action":"GetUpdates", "result":"DeleteReceived", "context":{"id":"689f6efc-8a04-4ca1-a89b-d4581646bbb2", "isDeleted:":"true", "version":"1718131127452"}}
{"logTime": "0718/104409", "correlationVector":"miZhRTOGC46smKBsq84WNh.35","action":"GetUpdates", "result":"DeleteReceived", "context":{"id":"78662385-4bb1-48df-baa9-ea1be31aeff7", "isDeleted:":"true", "version":"1719838408115"}}
{"logTime": "0718/104409", "correlationVector":"miZhRTOGC46smKBsq84WNh.36","action":"GetUpdates", "result":"DeleteReceived", "context":{"id":"5af04764-31a7-498b-8d90-2be153b5ed98", "isDeleted:":"true", "version":"1719838408116"}}
{"logTime": "0718/104409", "correlationVector":"miZhRTOGC46smKBsq84WNh.37","action":"GetUpdates", "result":"DeleteReceived", "context":{"id":"2d401e87-8e45-41cf-abd4-189bfd83dc08", "isDeleted:":"true", "version":"1719906511514"}}
{"logTime": "0718/104409", "correlationVector":"miZhRTOGC46smKBsq84WNh.38","action":"GetUpdates", "result":"DeleteReceived", "context":{"id":"ed90cfef-e826-4818-9793-ba82501a7500", "isDeleted:":"true", "version":"1719906511515"}}
{"logTime": "0718/104409", "correlationVector":"miZhRTOGC46smKBsq84WNh.39","action":"GetUpdates", "result":"DeleteReceived", "context":{"id":"2f726f46-af5c-4d1a-89b9-7795a8e9012b", "isDeleted:":"true", "version":"1719913804927"}}
{"logTime": "0718/104409", "correlationVector":"miZhRTOGC46smKBsq84WNh.40","action":"GetUpdates", "result":"DeleteReceived", "context":{"id":"e20c1281-02ec-4b65-ae00-3ace1c366ee8", "isDeleted:":"true", "version":"1719919276539"}}
{"logTime": "0718/104409", "correlationVector":"miZhRTOGC46smKBsq84WNh.41","action":"GetUpdates", "result":"DeleteReceived", "context":{"id":"3821aed7-2783-4525-9855-bf12caaac2f6", "isDeleted:":"true", "version":"1719919276542"}}
{"logTime": "0718/104409", "correlationVector":"miZhRTOGC46smKBsq84WNh.42","action":"GetUpdates", "result":"DeleteReceived", "context":{"id":"b1d9b69f-57d8-48c0-89e4-67514b0974d6", "isDeleted:":"true", "version":"1719921549851"}}
{"logTime": "0718/104409", "correlationVector":"miZhRTOGC46smKBsq84WNh.43","action":"GetUpdates", "result":"DeleteReceived", "context":{"id":"827d3961-39f5-4906-9374-f21bfd6b1e9c", "isDeleted:":"true", "version":"1719997555407"}}
{"logTime": "0718/104409", "correlationVector":"miZhRTOGC46smKBsq84WNh.44","action":"GetUpdates", "result":"DeleteReceived", "context":{"id":"e61a7b3f-f5c8-4a6e-9fc1-9123c136d0a2", "isDeleted:":"true", "version":"1719997555409"}}
{"logTime": "0718/104409", "correlationVector":"miZhRTOGC46smKBsq84WNh.45","action":"GetUpdates", "result":"DeleteReceived", "context":{"id":"962adc68-5ec3-4683-8a2b-01c84a5ad0d1", "isDeleted:":"true", "version":"1719997855457"}}
{"logTime": "0718/104409", "correlationVector":"miZhRTOGC46smKBsq84WNh.46","action":"GetUpdates", "result":"DeleteReceived", "context":{"id":"6aec521a-abdd-4572-8cab-483cb03377cf", "isDeleted:":"true", "version":"1720077702965"}}
{"logTime": "0718/104409", "correlationVector":"miZhRTOGC46smKBsq84WNh.47","action":"GetUpdates", "result":"DeleteReceived", "context":{"id":"7e9ea975-3343-417f-82d6-a473109ec83a", "isDeleted:":"true", "version":"1720077702966"}}
{"logTime": "0718/104409", "correlationVector":"miZhRTOGC46smKBsq84WNh.48","action":"GetUpdates", "result":"DeleteReceived", "context":{"id":"14180e56-8986-4b18-90b6-76e97e29abb8", "isDeleted:":"true", "version":"1720077702968"}}
{"logTime": "0718/104409", "correlationVector":"miZhRTOGC46smKBsq84WNh.49","action":"GetUpdates", "result":"DeleteReceived", "context":{"id":"5b2e573f-07d5-4954-bdb5-a17062876f09", "isDeleted:":"true", "version":"1720079741730"}}
{"logTime": "0718/104409", "correlationVector":"miZhRTOGC46smKBsq84WNh.50","action":"GetUpdates", "result":"DeleteReceived", "context":{"id":"beb33980-90cb-4bd4-b45f-eb65ae2b89a8", "isDeleted:":"true", "version":"1720530852435"}}
{"logTime": "0718/104409", "correlationVector":"miZhRTOGC46smKBsq84WNh.51","action":"GetUpdates", "result":"DeleteReceived", "context":{"id":"142f5bcd-6aaa-4ddf-a508-83359aef8592", "isDeleted:":"true", "version":"1721133772737"}}
{"logTime": "0718/104409", "correlationVector":"miZhRTOGC46smKBsq84WNh.52","action":"GetUpdates", "result":"DeleteReceived", "context":{"id":"398f33ca-4e3a-4858-84e2-0cb9b24bb065", "isDeleted:":"true", "version":"1721133772738"}}
{"logTime": "0718/104409", "correlationVector":"miZhRTOGC46smKBsq84WNh.53","action":"GetUpdates", "result":"DeleteReceived", "context":{"id":"1f376388-f0c6-48f5-a873-67abba8a509f", "isDeleted:":"true", "version":"1721134073130"}}
{"logTime": "0718/104409", "correlationVector":"miZhRTOGC46smKBsq84WNh.54","action":"GetUpdates", "result":"DeleteReceived", "context":{"id":"6e341723-b54a-40f8-bf71-5fef7e2f8d6c", "isDeleted:":"true", "version":"1721219748412"}}
{"logTime": "0718/104409", "correlationVector":"miZhRTOGC46smKBsq84WNh.55","action":"GetUpdates", "result":"DeleteReceived", "context":{"id":"928bb539-cb4a-4b9e-a096-e97795ad9a46", "isDeleted:":"true", "version":"1721219748413"}}
{"logTime": "0718/104409", "correlationVector":"miZhRTOGC46smKBsq84WNh.56","action":"GetUpdates", "result":"DeleteReceived", "context":{"id":"ed4de65e-fa06-4f68-920a-cdf3650cfe55", "isDeleted:":"true", "version":"1721219748414"}}
{"logTime": "0718/104409", "correlationVector":"miZhRTOGC46smKBsq84WNh.57","action":"GetUpdates", "result":"DeleteReceived", "context":{"id":"9cc7ba03-dcc1-4365-a280-cf277f503b1a", "isDeleted:":"true", "version":"1721219748415"}}
{"logTime": "0718/104409", "correlationVector":"miZhRTOGC46smKBsq84WNh.58","action":"GetUpdates Response", "result":"Success", "context":Received 191 update(s). cV=miZhRTOGC46smKBsq84WNh.0;server=GENERAL0200000A;cloudType=Consumer;environment=Prod_WestEurope_x00e;migrationStage=NotStarted}
{"logTime": "0718/104409", "correlationVector":"sMJl0gu7xcTUJLoNIV3HS4","action":"Normal GetUpdate request", "result":"", "context":cV=sMJl0gu7xcTUJLoNIV3HS4
Nudged types: Sessions, Device Info
Refresh requested types: Bookmarks, Preferences, Passwords, Autofill Profiles, Autofill, Typed URLs, Extensions, Sessions, Extension settings, History Delete Directives, Device Info, User Consents, Send Tab To Self, Web Apps, Collection, Edge E Drop, Edge Hub App Usage, Edge Tab Group, Edge Wallet, Encryption Keys}
{"logTime": "0718/104409", "correlationVector":"sMJl0gu7xcTUJLoNIV3HS4.1","action":"SyncServerConnectionManagerRequest", "result":"SYNC_SERVER_OK", "context":{"environment":"Prod_WestEurope_x00e", "migrationStage":"NotStarted", "server":"GENERAL0100002P"}}
{"logTime": "0718/104409", "correlationVector":"sMJl0gu7xcTUJLoNIV3HS4.2","action":"GetUpdates Response", "result":"Success", "context":Received 1 update(s). cV=sMJl0gu7xcTUJLoNIV3HS4.0;server=GENERAL0100002P;cloudType=Consumer;environment=Prod_WestEurope_x00e;migrationStage=NotStarted}
{"logTime": "0718/104409", "correlationVector":"Xgou6zx5wP19/SUtd28TFL","action":"Commit Request", "result":"", "context":Item count: 2
Contributing types: Sessions}
{"logTime": "0718/104409", "correlationVector":"Xgou6zx5wP19/SUtd28TFL.1","action":"SyncServerConnectionManagerRequest", "result":"SYNC_SERVER_OK", "context":{"environment":"Prod_NorthEurope_000h", "migrationStage":"NotStarted", "server":"GENERAL01000019"}}
{"logTime": "0718/104409", "correlationVector":"Xgou6zx5wP19/SUtd28TFL.2","action":"Commit Response", "result":"Success", "context":Result: Success. cV=Xgou6zx5wP19/SUtd28TFL.0;server=GENERAL01000019;cloudType=Consumer;environment=Prod_NorthEurope_000h;migrationStage=NotStarted}
{"logTime": "0718/104429", "correlationVector":"4GM2verNbSNTWWvlYtctBC","action":"Normal GetUpdate request", "result":"", "context":cV=4GM2verNbSNTWWvlYtctBC
Nudged types: Sessions}
{"logTime": "0718/104430", "correlationVector":"4GM2verNbSNTWWvlYtctBC.1","action":"SyncServerConnectionManagerRequest", "result":"SYNC_SERVER_OK", "context":{"environment":"Prod_WestEurope_x00e", "migrationStage":"NotStarted", "server":"GENERAL0100002A"}}
{"logTime": "0718/104430", "correlationVector":"4GM2verNbSNTWWvlYtctBC.2","action":"GetUpdates Response", "result":"Success", "context":Received 2 update(s). cV=4GM2verNbSNTWWvlYtctBC.0;server=GENERAL0100002A;cloudType=Consumer;environment=Prod_WestEurope_x00e;migrationStage=NotStarted}
{"logTime": "0718/104430", "correlationVector":"6bwEMWTGvQZQF/JwphuG9i","action":"Commit Request", "result":"", "context":Item count: 1
Contributing types: Sessions}
{"logTime": "0718/104430", "correlationVector":"6bwEMWTGvQZQF/JwphuG9i.1","action":"SyncServerConnectionManagerRequest", "result":"SYNC_SERVER_OK", "context":{"environment":"Prod_NorthEurope_000h", "migrationStage":"NotStarted", "server":"GENERAL0100001F"}}
{"logTime": "0718/104430", "correlationVector":"6bwEMWTGvQZQF/JwphuG9i.2","action":"Commit Response", "result":"Success", "context":Result: Success. cV=6bwEMWTGvQZQF/JwphuG9i.0;server=GENERAL0100001F;cloudType=Consumer;environment=Prod_NorthEurope_000h;migrationStage=NotStarted}
{"logTime": "0718/104852", "correlationVector":"N5oLSzylPigD66d8txl4R+","action":"Normal GetUpdate request", "result":"", "context":cV=N5oLSzylPigD66d8txl4R+
Refresh requested types: Bookmarks, Preferences, Passwords, Autofill Profiles, Autofill, Typed URLs, Extensions, Sessions, Extension settings, History Delete Directives, Device Info, User Consents, Send Tab To Self, Web Apps, Collection, Edge E Drop, Edge Hub App Usage, Edge Tab Group, Edge Wallet, Encryption Keys}
{"logTime": "0718/104855", "correlationVector":"N5oLSzylPigD66d8txl4R+.1","action":"SyncServerConnectionManagerRequest", "result":"SYNC_SERVER_OK", "context":{"environment":"Prod_NorthEurope_000h", "migrationStage":"NotStarted", "server":"GENERAL01000026"}}
{"logTime": "0718/104855", "correlationVector":"N5oLSzylPigD66d8txl4R+.2","action":"GetUpdates Response", "result":"Success", "context":Received 1 update(s). cV=N5oLSzylPigD66d8txl4R+.0;server=GENERAL01000026;cloudType=Consumer;environment=Prod_NorthEurope_000h;migrationStage=NotStarted}
